============================================================
      SANITIZATION REPORT
============================================================
  Timestamp    : 2026-03-03 06:18:32
  Database     : sanitize_restore_check
  Status       : Success
────────────────────────────────────────────────────────────
  SQL OPERATIONS EXECUTED
────────────────────────────────────────────────────────────
  DELETE FROM sign_document      : 2 rows
  DELETE FROM hr_payslip         : 1 rows
  UPDATE hr_version sub_total    : 782 rows
  DELETE FROM ir_attachment      : 6370 rows
  DELETE FROM mail_tracking_value: 150334 rows
  DELETE GL reconciliations      : 4178 rows
  DELETE GL entries (total)      : 44068 rows
────────────────────────────────────────────────────────────
  GL SERIES BREAKDOWN
────────────────────────────────────────────────────────────
    11... series : 6396 entries
    14... series : 1042 entries
    21... series : 13448 entries
    22... series : 706 entries
    28... series : 368 entries
    30... series : 834 entries
    50... series : 1306 entries
    52... series : 371 entries
    62... series : 19597 entries
────────────────────────────────────────────────────────────
  ERRORS (0 total)
────────────────────────────────────────────────────────────
  None
============================================================
